#
# There is insufficient memory for the Java Runtime Environment to continue.
# Native memory allocation (mmap) failed to map 266338304 bytes for Failed to commit area from 0x0000000702600000 to 0x0000000712400000 of length 266338304.
# Possible reasons:
#   The system is out of physical RAM or swap space
#   The process is running with CompressedOops enabled, and the Java Heap may be blocking the growth of the native heap
# Possible solutions:
#   Reduce memory load on the system
#   Increase physical memory or swap space
#   Check if swap backing store is full
#   Decrease Java heap size (-Xmx/-Xms)
#   Decrease number of Java threads
#   Decrease Java thread stack sizes (-Xss)
#   Set larger code cache with -XX:ReservedCodeCacheSize=
# This output file may be truncated or incomplete.
#
#  Out of Memory Error (t:/workspace/open/src/hotspot/os/windows/os_windows.cpp:3264), pid=22464, tid=24760
#
# JRE version:  (12.0.2+10) (build )
# Java VM: Java HotSpot(TM) 64-Bit Server VM (12.0.2+10, mixed mode, aot, sharing, tiered, compressed oops, g1 gc, windows-amd64)
# No core dump will be written. Minidumps are not enabled by default on client versions of Windows
#

---------------  S U M M A R Y ------------

Command Line: -Dfile.encoding=UTF-8 travellingsalesmansolution.TravellingSalesmanSolution

Host: Intel(R) Core(TM) i7-8750H CPU @ 2.20GHz, 12 cores, 15G,  Windows 10 , 64 bit Build 18362 (10.0.18362.329)
Time: Fri Mar 13 14:58:24 2020 Eastern Daylight Time elapsed time: 0 seconds (0d 0h 0m 0s)

---------------  T H R E A D  ---------------

Current thread (0x000001dabd867000):  JavaThread "Unknown thread" [_thread_in_vm, id=24760, stack(0x0000007e1d400000,0x0000007e1d500000)]

Stack: [0x0000007e1d400000,0x0000007e1d500000]
Native frames: (J=compiled Java code, j=interpreted, Vv=VM code, C=native code)
V  [jvm.dll+0x63aa2a]
V  [jvm.dll+0x78ce1e]
V  [jvm.dll+0x78e4c1]
V  [jvm.dll+0x78eb13]
V  [jvm.dll+0x2627e8]
V  [jvm.dll+0x637f5a]
V  [jvm.dll+0x62c845]
V  [jvm.dll+0x31e49c]
V  [jvm.dll+0x31e2cf]
V  [jvm.dll+0x324006]
V  [jvm.dll+0x371f56]
V  [jvm.dll+0x371720]
V  [jvm.dll+0x2f845a]
V  [jvm.dll+0x2f96d2]
V  [jvm.dll+0x767267]
V  [jvm.dll+0x7689f5]
V  [jvm.dll+0x380059]
V  [jvm.dll+0x74b794]
V  [jvm.dll+0x3ef5cd]
V  [jvm.dll+0x3f1471]
C  [jli.dll+0x51cf]
C  [ucrtbase.dll+0x20e72]
C  [KERNEL32.DLL+0x17bd4]
C  [ntdll.dll+0x6ced1]


---------------  P R O C E S S  ---------------

Threads class SMR info:
_java_thread_list=0x00007ffde6be7928, length=0, elements={
}

Java Threads: ( => current thread )

Other Threads:
  0x000001dabd8cd000 GCTaskThread "GC Thread#0" [stack: 0x0000007e1d500000,0x0000007e1d600000] [id=2820]
  0x000001dabd8e6800 ConcurrentGCThread "G1 Main Marker" [stack: 0x0000007e1d600000,0x0000007e1d700000] [id=6832]
  0x000001dabd8eb000 ConcurrentGCThread "G1 Conc#0" [stack: 0x0000007e1d700000,0x0000007e1d800000] [id=26100]

[error occurred during error reporting (printing all threads), id 0xc0000005, EXCEPTION_ACCESS_VIOLATION (0xc0000005) at pc=0x00007ffde64185e7]

VM state:not at safepoint (not fully initialized)

VM Mutex/Monitor currently owned by a thread:  ([mutex/lock_event])
[0x000001dabd8624f0] Heap_lock - owner thread: 0x000001dabd867000

Heap address: 0x0000000702600000, size: 4058 MB, Compressed Oops mode: Non-zero based: 0x0000000702600000
Narrow klass base: 0x0000000000000000, Narrow klass shift: 0

GC Heap History (0 events):
No events

Deoptimization events (0 events):
No events

Classes redefined (0 events):
No events

Internal exceptions (0 events):
No events

Events (0 events):
No events


Dynamic libraries:
0x00007ff78cc10000 - 0x00007ff78cc1f000 	C:\Program Files\Java\jdk-12.0.2\bin\java.exe
0x00007ffe539a0000 - 0x00007ffe53b90000 	C:\WINDOWS\SYSTEM32\ntdll.dll
0x00007ffe52160000 - 0x00007ffe52212000 	C:\WINDOWS\System32\KERNEL32.DLL
0x00007ffe51350000 - 0x00007ffe515f3000 	C:\WINDOWS\System32\KERNELBASE.dll
0x00007ffe51770000 - 0x00007ffe5186a000 	C:\WINDOWS\System32\ucrtbase.dll
0x00007ffe47900000 - 0x00007ffe47916000 	C:\Program Files\Java\jdk-12.0.2\bin\VCRUNTIME140.dll
0x00007ffe47920000 - 0x00007ffe47938000 	C:\Program Files\Java\jdk-12.0.2\bin\jli.dll
0x00007ffe52b10000 - 0x00007ffe52bb3000 	C:\WINDOWS\System32\ADVAPI32.dll
0x00007ffe53570000 - 0x00007ffe5360e000 	C:\WINDOWS\System32\msvcrt.dll
0x00007ffe51a50000 - 0x00007ffe51ae7000 	C:\WINDOWS\System32\sechost.dll
0x00007ffe52040000 - 0x00007ffe52160000 	C:\WINDOWS\System32\RPCRT4.dll
0x00007ffe52470000 - 0x00007ffe52604000 	C:\WINDOWS\System32\USER32.dll
0x00007ffe2c470000 - 0x00007ffe2c6f5000 	C:\WINDOWS\WinSxS\amd64_microsoft.windows.common-controls_6595b64144ccf1df_6.0.18362.657_none_e6c5b579130e3898\COMCTL32.dll
0x00007ffe51250000 - 0x00007ffe51271000 	C:\WINDOWS\System32\win32u.dll
0x00007ffe51b60000 - 0x00007ffe51e96000 	C:\WINDOWS\System32\combase.dll
0x00007ffe522a0000 - 0x00007ffe522c6000 	C:\WINDOWS\System32\GDI32.dll
0x00007ffe510b0000 - 0x00007ffe51244000 	C:\WINDOWS\System32\gdi32full.dll
0x00007ffe51280000 - 0x00007ffe51300000 	C:\WINDOWS\System32\bcryptPrimitives.dll
0x00007ffe51870000 - 0x00007ffe5190e000 	C:\WINDOWS\System32\msvcp_win.dll
0x00007ffe4b460000 - 0x00007ffe4b46a000 	C:\WINDOWS\SYSTEM32\VERSION.dll
0x00007ffe52ca0000 - 0x00007ffe52cce000 	C:\WINDOWS\System32\IMM32.DLL
0x00007ffe16620000 - 0x00007ffe166ca000 	C:\Program Files\Java\jdk-12.0.2\bin\msvcp140.dll
0x00007ffde6110000 - 0x00007ffde6c87000 	C:\Program Files\Java\jdk-12.0.2\bin\server\jvm.dll
0x00007ffe51b50000 - 0x00007ffe51b58000 	C:\WINDOWS\System32\PSAPI.DLL
0x00007ffe36e70000 - 0x00007ffe36e79000 	C:\WINDOWS\SYSTEM32\WSOCK32.dll
0x00007ffe45330000 - 0x00007ffe45354000 	C:\WINDOWS\SYSTEM32\WINMM.dll
0x00007ffe536c0000 - 0x00007ffe5372f000 	C:\WINDOWS\System32\WS2_32.dll
0x00007ffe45110000 - 0x00007ffe4513d000 	C:\WINDOWS\SYSTEM32\winmmbase.dll
0x00007ffe51300000 - 0x00007ffe5134a000 	C:\WINDOWS\System32\cfgmgr32.dll
0x00007ffe50880000 - 0x00007ffe50891000 	C:\WINDOWS\System32\kernel.appcore.dll
0x00007ffe40f90000 - 0x00007ffe40fa1000 	C:\Program Files\Java\jdk-12.0.2\bin\verify.dll
0x00007ffe4a4f0000 - 0x00007ffe4a6e4000 	C:\WINDOWS\SYSTEM32\DBGHELP.DLL
0x00007ffe4a350000 - 0x00007ffe4a37a000 	C:\WINDOWS\SYSTEM32\dbgcore.DLL
0x00007ffe44010000 - 0x00007ffe44036000 	C:\Program Files\Java\jdk-12.0.2\bin\java.dll
0x00007ffe36e10000 - 0x00007ffe36e27000 	C:\Program Files\Java\jdk-12.0.2\bin\zip.dll
0x00007ffe4c7e0000 - 0x00007ffe4c7ea000 	C:\Program Files\Java\jdk-12.0.2\bin\jimage.dll

dbghelp: loaded successfully - version: 4.0.5 - missing functions: none
symbol engine: initialized successfully - sym options: 0x614 - pdb path: .;C:\Program Files\Java\jdk-12.0.2\bin;C:\WINDOWS\SYSTEM32;C:\WINDOWS\WinSxS\amd64_microsoft.windows.common-controls_6595b64144ccf1df_6.0.18362.657_none_e6c5b579130e3898;C:\Program Files\Java\jdk-12.0.2\bin\server

VM Arguments:
jvm_args: -Dfile.encoding=UTF-8 
java_command: travellingsalesmansolution.TravellingSalesmanSolution
java_class_path (initial): C:\Users\jdb_s\OneDrive\Documents\NetBeansProjects\TravellingSalesmanSolution\build\classes
Launcher Type: SUN_STANDARD

[Global flags]
     intx CICompilerCount                          = 4                                         {product} {ergonomic}
     uint ConcGCThreads                            = 3                                         {product} {ergonomic}
     uint G1ConcRefinementThreads                  = 10                                        {product} {ergonomic}
   size_t G1HeapRegionSize                         = 1048576                                   {product} {ergonomic}
    uintx GCDrainStackTargetSize                   = 64                                        {product} {ergonomic}
   size_t InitialHeapSize                          = 266338304                                 {product} {ergonomic}
   size_t MarkStackSize                            = 4194304                                   {product} {ergonomic}
   size_t MaxHeapSize                              = 4255121408                                {product} {ergonomic}
   size_t MinHeapDeltaBytes                        = 1048576                                   {product} {ergonomic}
    uintx NonNMethodCodeHeapSize                   = 5836300                                {pd product} {ergonomic}
    uintx NonProfiledCodeHeapSize                  = 122910970                              {pd product} {ergonomic}
    uintx ProfiledCodeHeapSize                     = 122910970                              {pd product} {ergonomic}
    uintx ReservedCodeCacheSize                    = 251658240                              {pd product} {ergonomic}
     bool SegmentedCodeCache                       = true                                      {product} {ergonomic}
     bool UseCompressedClassPointers               = true                                 {lp64_product} {ergonomic}
     bool UseCompressedOops                        = true                                 {lp64_product} {ergonomic}
     bool UseG1GC                                  = true                                      {product} {ergonomic}
     bool UseLargePagesIndividualAllocation        = false                                  {pd product} {ergonomic}

Logging:
Log output configuration:
 #0: stdout all=warning uptime,level,tags
 #1: stderr all=off uptime,level,tags

Environment Variables:
PATH=C:\Program Files (x86)\Intel\Intel(R) Management Engine Components\iCLS\;C:\Program Files\Intel\Intel(R) Management Engine Components\iCLS\;C:\Windows\system32;C:\Windows;C:\Windows\System32\Wbem;C:\Windows\System32\WindowsPowerShell\v1.0\;C:\Windows\System32\OpenSSH\;C:\Program Files (x86)\NVIDIA Corporation\PhysX\Common;C:\Program Files\Intel\WiFi\bin\;C:\Program Files\Common Files\Intel\WirelessCommon\;C:\Program Files (x86)\Intel\Intel(R) Management Engine Components\DAL;C:\Program Files\Intel\Intel(R) Management Engine Components\DAL;C:\Program Files (x86)\Intel\Intel(R) Management Engine Components\IPT;C:\Program Files\Intel\Intel(R) Management Engine Components\IPT;C:\Program Files\NVIDIA Corporation\NVIDIA NvDLISR;C:\Program Files\Microsoft SQL Server\Client SDK\ODBC\130\Tools\Binn\;C:\Program Files (x86)\Microsoft SQL Server\140\Tools\Binn\;C:\Program Files\Microsoft SQL Server\140\Tools\Binn\;C:\Program Files\Microsoft SQL Server\140\DTS\Binn\;C:\Program Files (x86)\Microsoft SQL Server\150\DTS\Binn\;%SystemRoot%\system32;%SystemRoot%;%SystemRoot%\System32\Wbem;%SYSTEMROOT%\System32\WindowsPowerShell\v1.0\;%SYSTEMROOT%\System32\OpenSSH\;C:\Users\jdb_s\AppData\Local\Programs\Python\Python38\Scripts\;C:\Users\jdb_s\AppData\Local\Programs\Python\Python38\;C:\Users\jdb_s\AppData\Local\Microsoft\WindowsApps;
USERNAME=jdb_s
OS=Windows_NT
PROCESSOR_IDENTIFIER=Intel64 Family 6 Model 158 Stepping 10, GenuineIntel



---------------  S Y S T E M  ---------------

OS: Windows 10 , 64 bit Build 18362 (10.0.18362.329)

CPU:total 12 (initial active 12) (6 cores per cpu, 2 threads per core) family 6 model 158 stepping 10, cmov, cx8, fxsr, mmx, sse, sse2, sse3, ssse3, sse4.1, sse4.2, popcnt, avx, avx2, aes, clmul, erms, 3dnowpref, lzcnt, ht, tsc, tscinvbit, bmi1, bmi2, adx, fma

Memory: 4k page, system-wide physical 16229M (2514M free)
TotalPageFile size 25850M (AvailPageFile size 74M)
current process WorkingSet (physical memory assigned to process): 10M, peak: 10M
current process commit charge ("private bytes"): 65M, peak: 319M

vm_info: Java HotSpot(TM) 64-Bit Server VM (12.0.2+10) for windows-amd64 JRE (12.0.2+10), built on Jul 16 2019 01:56:17 by "mach5one" with MS VC++ 15.5 (VS2017)

END.
